<?xml version="1.0" encoding="UTF-8" ?>
<testsuite errors="0" failures="0" hostname="Martin-PC-samsu" name="rocfox.rdf2xml.transformation.parsers.TemplateParserTest" skipped="0" tests="2" time="0.164" timestamp="2015-02-04T10:57:47">
  <properties>
    <property name="java.vendor" value="Sun Microsystems Inc." />
    <property name="file.reference.commons-logging-1.1.jar" value="lib/commons-logging-1.1.jar" />
    <property name="javadoc.splitindex" value="true" />
    <property name="have.sources" value="true" />
    <property name="ant.file.type.rdf2xml-impl" value="file" />
    <property name="sun.java.launcher" value="SUN_STANDARD" />
    <property name="build.classes.excludes" value="**/*.java,**/*.form" />
    <property name="sun.management.compiler" value="HotSpot 64-Bit Tiered Compilers" />
    <property name="rdf2xml.svn.trunk" value="https://rdf2xml.googlecode.com/svn/trunk" />
    <property name="javadoc.author" value="false" />
    <property name="build.sysclasspath" value="ignore" />
    <property name="os.name" value="Windows 7" />
    <property name="sun.boot.class.path" value="C:\Program Files\Java\jdk1.6.0_43\jre\lib\resources.jar;C:\Program Files\Java\jdk1.6.0_43\jre\lib\rt.jar;C:\Program Files\Java\jdk1.6.0_43\jre\lib\sunrsasign.jar;C:\Program Files\Java\jdk1.6.0_43\jre\lib\jsse.jar;C:\Program Files\Java\jdk1.6.0_43\jre\lib\jce.jar;C:\Program Files\Java\jdk1.6.0_43\jre\lib\charsets.jar;C:\Program Files\Java\jdk1.6.0_43\jre\lib\modules\jdk.boot.jar;C:\Program Files\Java\jdk1.6.0_43\jre\classes" />
    <property name="debug-args-line" value="-Xdebug" />
    <property name="javac.target" value="1.5" />
    <property name="sun.desktop" value="windows" />
    <property name="build.generated.dir" value="build/generated" />
    <property name="java.vm.specification.vendor" value="Sun Microsystems Inc." />
    <property name="ant.home" value="C:\00-Workspace\03-Utilitaires\apache-ant-1.9.2" />
    <property name="java.runtime.version" value="1.6.0_43-b01" />
    <property name="file.reference.jena.jar" value="lib/jena.jar" />
    <property name="run.classpath" value="lib/arq.jar:lib/commons-logging-1.1.jar:lib/commons-logging-adapters-1.1.jar:lib/commons-logging-api-1.1.jar:lib/concurrent.jar:lib/icu4j_3_4.jar:lib/iri.jar:lib/jena.jar:lib/log4j-1.2.12.jar:lib/xercesImpl.jar:build/classes" />
    <property name="rdf2xml.version" value="0.0.1" />
    <property name="application.args" value="" />
    <property name="user.name" value="Martin" />
    <property name="manifest.available+main.class" value="true" />
    <property name="debug.test.classpath" value="lib/arq.jar:lib/commons-logging-1.1.jar:lib/commons-logging-adapters-1.1.jar:lib/commons-logging-api-1.1.jar:lib/concurrent.jar:lib/icu4j_3_4.jar:lib/iri.jar:lib/jena.jar:lib/log4j-1.2.12.jar:lib/xercesImpl.jar:build/classes:lib/junit-4.4.jar:build/test/classes" />
    <property name="build.dir" value="build" />
    <property name="javac.deprecation" value="false" />
    <property name="rdf2xml.svn.tag" value="https://rdf2xml.googlecode.com/svn/tags/0.0.1" />
    <property name="user.language" value="fr" />
    <property name="sun.boot.library.path" value="C:\Program Files\Java\jdk1.6.0_43\jre\bin" />
    <property name="ant.project.default-target" value="default" />
    <property name="ant.project.name" value="rdf2xml" />
    <property name="java.version" value="1.6.0_43" />
    <property name="user.timezone" value="" />
    <property name="sun.arch.data.model" value="64" />
    <property name="ant.file.type.rdf2xml" value="file" />
    <property name="file.reference.icu4j_3_4.jar" value="lib/icu4j_3_4.jar" />
    <property name="test.src.dir" value="test" />
    <property name="java.endorsed.dirs" value="C:\Program Files\Java\jdk1.6.0_43\jre\lib\endorsed" />
    <property name="sun.cpu.isalist" value="amd64" />
    <property name="rdf2xml.svn.wc" value="." />
    <property name="sun.jnu.encoding" value="Cp1252" />
    <property name="file.encoding.pkg" value="sun.io" />
    <property name="includes" value="**" />
    <property name="application.vendor" value="Nicolas Cochard" />
    <property name="file.separator" value="\" />
    <property name="java.specification.name" value="Java Platform API Specification" />
    <property name="file.reference.concurrent.jar" value="lib/concurrent.jar" />
    <property name="jar.compress" value="false" />
    <property name="java.class.version" value="50.0" />
    <property name="javac.compilerargs.jaxws" value="" />
    <property name="javadoc.version" value="false" />
    <property name="build.classes.dir" value="build/classes" />
    <property name="user.country" value="FR" />
    <property name="java.home" value="C:\Program Files\Java\jdk1.6.0_43\jre" />
    <property name="dist.dir" value="dist" />
    <property name="do.depend" value="false" />
    <property name="java.vm.info" value="mixed mode" />
    <property name="have.tests" value="true" />
    <property name="manifest.file" value="manifest.mf" />
    <property name="ant.file" value="C:\00-Workspace\01-Sources\tests\rdf2xmlTest\build.xml" />
    <property name="os.version" value="6.1" />
    <property name="javac.source" value="1.5" />
    <property name="javac.debug" value="true" />
    <property name="run.jvmargs" value="" />
    <property name="path.separator" value=";" />
    <property name="java.vm.version" value="20.14-b01" />
    <property name="run.test.classpath" value="lib/arq.jar:lib/commons-logging-1.1.jar:lib/commons-logging-adapters-1.1.jar:lib/commons-logging-api-1.1.jar:lib/concurrent.jar:lib/icu4j_3_4.jar:lib/iri.jar:lib/jena.jar:lib/log4j-1.2.12.jar:lib/xercesImpl.jar:build/classes:lib/junit-4.4.jar:build/test/classes" />
    <property name="file.reference.iri.jar" value="lib/iri.jar" />
    <property name="file.reference.arq.jar" value="lib/arq.jar" />
    <property name="user.variant" value="" />
    <property name="ant.library.dir" value="C:\00-Workspace\03-Utilitaires\apache-ant-1.9.2\lib" />
    <property name="javadoc.notree" value="false" />
    <property name="dist.jar" value="dist/rdf2xml.jar" />
    <property name="java.awt.printerjob" value="sun.awt.windows.WPrinterJob" />
    <property name="sun.io.unicode.encoding" value="UnicodeLittle" />
    <property name="platform.active" value="default_platform" />
    <property name="awt.toolkit" value="sun.awt.windows.WToolkit" />
    <property name="javadoc.preview" value="true" />
    <property name="main.class" value="rocfox.rdf2xml.Main" />
    <property name="dist.javadoc.dir" value="dist/javadoc" />
    <property name="user.home" value="C:\Users\Martin" />
    <property name="version-output" value="java version &quot;1.6" />
    <property name="java.specification.vendor" value="Sun Microsystems Inc." />
    <property name="default.javac.target" value="1.4" />
    <property name="javadoc.additionalparam" value="" />
    <property name="java.vendor.url" value="http://java.sun.com/" />
    <property name="java.library.path" value="C:\Program Files\Java\jdk1.6.0_43\jre\bin;C:\windows\Sun\Java\bin;C:\windows\system32;C:\windows;C:\Program Files (x86)\NVIDIA Corporation\PhysX\Common;C:\Program Files (x86)\Intel\iCLS Client\;C:\Program Files\Intel\iCLS Client\;C:\windows\system32;C:\windows;C:\windows\System32\Wbem;C:\windows\System32\WindowsPowerShell\v1.0\;C:\Program Files\Intel\Intel(R) Management Engine Components\DAL;C:\Program Files\Intel\Intel(R) Management Engine Components\IPT;C:\Program Files (x86)\Intel\Intel(R) Management Engine Components\DAL;C:\Program Files (x86)\Intel\Intel(R) Management Engine Components\IPT;C:\Program Files (x86)\Intel\OpenCL SDK\2.0\bin\x86;C:\Program Files (x86)\Intel\OpenCL SDK\2.0\bin\x64;C:\Program Files\Intel\WiFi\bin\;C:\Program Files\Common Files\Intel\WirelessCommon\;C:\Program Files\Java\jdk1.6.0_43;C:\Program Files\Java\jdk1.6.0_43\bin;C:\00-Workspace\03-Utilitaires\TortoiseSVN\bin;C:\00-Workspace\03-Utilitaires\apache-maven-2.2.1\bin;C:\00-Workspace\03-Utilitaires\Subversion\bin;C:\00-Workspace\03-Utilitaires\curl_728_0;C:\Program Files (x86)\LibreOffice 4.0\program;C:\00-Workspace\03-Utilitaires\apache-ant-1.9.2\\bin;C:\00-Workspace\03-Utilitaires\apache-uima-2.3.1\bin;." />
    <property name="javac.classpath" value="lib/arq.jar:lib/commons-logging-1.1.jar:lib/commons-logging-adapters-1.1.jar:lib/commons-logging-api-1.1.jar:lib/concurrent.jar:lib/icu4j_3_4.jar:lib/iri.jar:lib/jena.jar:lib/log4j-1.2.12.jar:lib/xercesImpl.jar" />
    <property name="javadoc.noindex" value="false" />
    <property name="java.vm.vendor" value="Sun Microsystems Inc." />
    <property name="javadoc.encoding.used" value="UTF-8" />
    <property name="java.runtime.name" value="Java(TM) SE Runtime Environment" />
    <property name="ant.file.rdf2xml" value="C:\00-Workspace\01-Sources\tests\rdf2xmlTest\build.xml" />
    <property name="ant.version" value="Apache Ant(TM) version 1.9.2 compiled on July 8 2013" />
    <property name="sun.java.command" value="org.apache.tools.ant.taskdefs.optional.junit.JUnitTestRunner rocfox.rdf2xml.transformation.parsers.TemplateParserTest filtertrace=true haltOnError=false haltOnFailure=false showoutput=true outputtoformatters=true logfailedtests=true logtestlistenerevents=false formatter=org.apache.tools.ant.taskdefs.optional.junit.BriefJUnitResultFormatter formatter=org.apache.tools.ant.taskdefs.optional.junit.XMLJUnitResultFormatter,C:\00-Workspace\01-Sources\tests\rdf2xmlTest\build\test\results\TEST-rocfox.rdf2xml.transformation.parsers.TemplateParserTest.xml crashfile=C:\00-Workspace\01-Sources\tests\rdf2xmlTest\junitvmwatcher5717632412265180717.properties propsfile=C:\00-Workspace\01-Sources\tests\rdf2xmlTest\junit8489284793076137990.properties" />
    <property name="java.class.path" value="C:\00-Workspace\01-Sources\tests\rdf2xmlTest\lib\arq.jar;C:\00-Workspace\01-Sources\tests\rdf2xmlTest\lib\commons-logging-1.1.jar;C:\00-Workspace\01-Sources\tests\rdf2xmlTest\lib\commons-logging-adapters-1.1.jar;C:\00-Workspace\01-Sources\tests\rdf2xmlTest\lib\commons-logging-api-1.1.jar;C:\00-Workspace\01-Sources\tests\rdf2xmlTest\lib\concurrent.jar;C:\00-Workspace\01-Sources\tests\rdf2xmlTest\lib\icu4j_3_4.jar;C:\00-Workspace\01-Sources\tests\rdf2xmlTest\lib\iri.jar;C:\00-Workspace\01-Sources\tests\rdf2xmlTest\lib\jena.jar;C:\00-Workspace\01-Sources\tests\rdf2xmlTest\lib\log4j-1.2.12.jar;C:\00-Workspace\01-Sources\tests\rdf2xmlTest\lib\xercesImpl.jar;C:\00-Workspace\01-Sources\tests\rdf2xmlTest\build\classes;C:\00-Workspace\01-Sources\tests\rdf2xmlTest\lib\junit-4.4.jar;C:\00-Workspace\01-Sources\tests\rdf2xmlTest\build\test\classes;C:\00-Workspace\03-Utilitaires\apache-ant-1.9.2\lib\ant-launcher.jar;C:\00-Workspace\03-Utilitaires\apache-ant-1.9.2\lib\ant.jar;C:\00-Workspace\03-Utilitaires\apache-ant-1.9.2\lib\ant-junit.jar;C:\00-Workspace\03-Utilitaires\apache-ant-1.9.2\lib\ant-junit4.jar" />
    <property name="javadoc.private" value="false" />
    <property name="javadoc.encoding" value="UTF-8" />
    <property name="java.vm.specification.name" value="Java Virtual Machine Specification" />
    <property name="build.test.classes.dir" value="build/test/classes" />
    <property name="ant.file.type" value="file" />
    <property name="work.dir" value="C:\00-Workspace\01-Sources\tests\rdf2xmlTest" />
    <property name="java.vm.specification.version" value="1.0" />
    <property name="sun.cpu.endian" value="little" />
    <property name="sun.os.patch.level" value="Service Pack 1" />
    <property name="javac.compilerargs" value="" />
    <property name="java.io.tmpdir" value="C:\Users\Martin\AppData\Local\Temp\" />
    <property name="rdf2xml.svn.branch" value="https://rdf2xml.googlecode.com/svn/branches/0.0.1" />
    <property name="file.reference.xercesImpl.jar" value="lib/xercesImpl.jar" />
    <property name="source.encoding" value="UTF-8" />
    <property name="java.vendor.url.bug" value="http://java.sun.com/cgi-bin/bugreport.cgi" />
    <property name="meta.inf.dir" value="src/META-INF" />
    <property name="excludes" value="" />
    <property name="java.awt.graphicsenv" value="sun.awt.Win32GraphicsEnvironment" />
    <property name="application.title" value="rdf2xml" />
    <property name="os.arch" value="amd64" />
    <property name="java.ext.dirs" value="C:\Program Files\Java\jdk1.6.0_43\jre\lib\ext;C:\windows\Sun\Java\lib\ext" />
    <property name="file.reference.junit-4.4.jar" value="lib/junit-4.4.jar" />
    <property name="user.dir" value="C:\00-Workspace\01-Sources\tests\rdf2xmlTest" />
    <property name="manifest.available" value="true" />
    <property name="line.separator" value="&#xd;&#xa;" />
    <property name="file.reference.commons-logging-api-1.1.jar" value="lib/commons-logging-api-1.1.jar" />
    <property name="java.vm.name" value="Java HotSpot(TM) 64-Bit Server VM" />
    <property name="file.reference.commons-logging-adapters-1.1.jar" value="lib/commons-logging-adapters-1.1.jar" />
    <property name="build.test.results.dir" value="build/test/results" />
    <property name="basedir" value="C:\00-Workspace\01-Sources\tests\rdf2xmlTest" />
    <property name="javadoc.use" value="true" />
    <property name="ant.java.version" value="1.6" />
    <property name="ant.core.lib" value="C:\00-Workspace\03-Utilitaires\apache-ant-1.9.2\lib\ant.jar" />
    <property name="javadoc.nonavbar" value="false" />
    <property name="file.encoding" value="Cp1252" />
    <property name="javadoc.windowtitle" value="" />
    <property name="default.javac.source" value="1.4" />
    <property name="javac.test.classpath" value="lib/arq.jar:lib/commons-logging-1.1.jar:lib/commons-logging-adapters-1.1.jar:lib/commons-logging-api-1.1.jar:lib/concurrent.jar:lib/icu4j_3_4.jar:lib/iri.jar:lib/jena.jar:lib/log4j-1.2.12.jar:lib/xercesImpl.jar:build/classes:lib/junit-4.4.jar" />
    <property name="java.specification.version" value="1.6" />
    <property name="src.dir" value="src" />
    <property name="ant.project.invoked-targets" value="default" />
    <property name="file.reference.log4j-1.2.12.jar" value="lib/log4j-1.2.12.jar" />
    <property name="debug.classpath" value="lib/arq.jar:lib/commons-logging-1.1.jar:lib/commons-logging-adapters-1.1.jar:lib/commons-logging-api-1.1.jar:lib/concurrent.jar:lib/icu4j_3_4.jar:lib/iri.jar:lib/jena.jar:lib/log4j-1.2.12.jar:lib/xercesImpl.jar:build/classes" />
    <property name="ant.file.rdf2xml-impl" value="C:\00-Workspace\01-Sources\tests\rdf2xmlTest\nbproject\build-impl.xml" />
  </properties>
  <testcase classname="rocfox.rdf2xml.transformation.parsers.TemplateParserTest" name="parse" time="0.052" />
  <testcase classname="rocfox.rdf2xml.transformation.parsers.TemplateParserTest" name="isElement" time="0.0020" />
  <system-out><![CDATA[]]></system-out>
  <system-err><![CDATA[]]></system-err>
</testsuite>
